<?xml version="1.0" encoding="UTF-8"?>
<!-- Generated by org.testng.reporters.JUnitReportReporter -->
<testsuite hostname="DESKTOP-OCH3PN7" failures="0" tests="3" name="Utilities.ExtentReportsClass" time="0.031" errors="0" timestamp="27 Dec 2019 07:51:11 GMT" skipped="1">
  <testcase classname="Utilities.ExtentReportsClass" name="skipTest" time="0.008">
    <skipped/>
  </testcase> <!-- skipTest -->
  <testcase classname="Utilities.ExtentReportsClass" name="failTest" time="0.019"/>
  <testcase classname="Utilities.ExtentReportsClass" name="passTest" time="0.004"/>
</testsuite> <!-- Utilities.ExtentReportsClass -->
