<?xml version="1.0" encoding="UTF-8"?>
<!-- Generated by org.testng.reporters.JUnitReportReporter -->
<testsuite hostname="DESKTOP-OCH3PN7" failures="0" tests="1" name="RSP.Test.getGoogle" time="5.136" errors="0" timestamp="26 Dec 2019 12:35:14 GMT" skipped="0">
  <testcase classname="RSP.Test.getGoogle" name="testGoogle" time="5.136"/>
</testsuite> <!-- RSP.Test.getGoogle -->
