<?xml version="1.0" encoding="UTF-8"?>
<!-- Generated by org.testng.reporters.JUnitReportReporter -->
<testsuite hostname="DESKTOP-OCH3PN7" failures="0" tests="1" name="RSP.Test.LoginTest" time="112.579" errors="0" timestamp="27 Dec 2019 04:20:28 GMT" skipped="0">
  <testcase classname="RSP.Test.LoginTest" name="testLogin" time="112.579"/>
</testsuite> <!-- RSP.Test.LoginTest -->
