<?xml version="1.0" encoding="UTF-8"?>
<!-- Generated by org.testng.reporters.JUnitReportReporter -->
<testsuite hostname="DESKTOP-OCH3PN7" failures="0" tests="5" name="RSP.Test.LoginDDT" time="208.881" errors="0" timestamp="27 Dec 2019 05:59:21 GMT" skipped="0">
  <testcase classname="RSP.Test.LoginDDT" name="testLogin" time="46.403"/>
  <testcase classname="RSP.Test.LoginDDT" name="testLogin" time="41.731"/>
  <testcase classname="RSP.Test.LoginDDT" name="testLogin" time="40.882"/>
  <testcase classname="RSP.Test.LoginDDT" name="testLogin" time="34.366"/>
  <testcase classname="RSP.Test.LoginDDT" name="testLogin" time="45.499"/>
</testsuite> <!-- RSP.Test.LoginDDT -->
