<?xml version="1.0" encoding="UTF-8"?>
<!-- Generated by org.testng.reporters.JUnitReportReporter -->
<testsuite hostname="DESKTOP-OCH3PN7" failures="0" tests="5" name="RSP.Test.LoginDDT" time="227.874" errors="0" timestamp="27 Dec 2019 09:59:43 GMT" skipped="0">
  <testcase classname="RSP.Test.LoginDDT" name="testLogin" time="45.021"/>
  <testcase classname="RSP.Test.LoginDDT" name="testLogin" time="44.857"/>
  <testcase classname="RSP.Test.LoginDDT" name="testLogin" time="40.072"/>
  <testcase classname="RSP.Test.LoginDDT" name="testLogin" time="51.602"/>
  <testcase classname="RSP.Test.LoginDDT" name="testLogin" time="46.322"/>
</testsuite> <!-- RSP.Test.LoginDDT -->
